# JRE version: OpenJDK Runtime Environment (17.0.7) (build 17.0.7+0-b2043.56-10550314)
# Java VM: OpenJDK 64-Bit Server VM (17.0.7+0-b2043.56-10550314, mixed mode, tiered, compressed oops, compressed class ptrs, g1 gc, windows-amd64)
GC Precious Log:
 CPUs: 8 total, 8 available
 Memory: 3982M
 Large Page Support: Disabled
 NUMA Support: Disabled
 Compressed Oops: Enabled (32-bit)
 Heap Region Size: 1M
 Heap Min Capacity: 8M
 Heap Initial Capacity: 64M
 Heap Max Capacity: 2G
 Pre-touch: Disabled
 Parallel Workers: 8
 Concurrent Workers: 2
 Concurrent Refinement Workers: 8
 Periodic GC: Disabled
Heap:
 garbage-first heap   total 318464K, used 256467K [0x0000000080000000, 0x0000000100000000)
  region size 1024K, 87 young (89088K), 13 survivors (13312K)
 Metaspace       used 140286K, committed 141376K, reserved 1179648K
  class space    used 19872K, committed 20416K, reserved 1048576K
GC Heap History (20 events):
Event: 1552.461 GC heap before
{Heap before GC invocations=39 (full 0):
 garbage-first heap   total 262144K, used 206967K [0x0000000080000000, 0x0000000100000000)
  region size 1024K, 107 young (109568K), 11 survivors (11264K)
 Metaspace       used 88449K, committed 89344K, reserved 1179648K
  class space    used 11943K, committed 12416K, reserved 1048576K
}
Event: 1552.578 GC heap after
{Heap after GC invocations=40 (full 0):
 garbage-first heap   total 262144K, used 114918K [0x0000000080000000, 0x0000000100000000)
  region size 1024K, 11 young (11264K), 11 survivors (11264K)
 Metaspace       used 88449K, committed 89344K, reserved 1179648K
  class space    used 11943K, committed 12416K, reserved 1048576K
}
Event: 1554.570 GC heap before
{Heap before GC invocations=40 (full 0):
 garbage-first heap   total 262144K, used 185574K [0x0000000080000000, 0x0000000100000000)
  region size 1024K, 82 young (83968K), 11 survivors (11264K)
 Metaspace       used 98024K, committed 98880K, reserved 1179648K
  class space    used 13561K, committed 14016K, reserved 1048576K
}
Event: 1554.628 GC heap after
{Heap after GC invocations=41 (full 0):
 garbage-first heap   total 262144K, used 117710K [0x0000000080000000, 0x0000000100000000)
  region size 1024K, 3 young (3072K), 3 survivors (3072K)
 Metaspace       used 98024K, committed 98880K, reserved 1179648K
  class space    used 13561K, committed 14016K, reserved 1048576K
}
Event: 1557.976 GC heap before
{Heap before GC invocations=42 (full 0):
 garbage-first heap   total 262144K, used 246734K [0x0000000080000000, 0x0000000100000000)
  region size 1024K, 95 young (97280K), 3 survivors (3072K)
 Metaspace       used 105406K, committed 106368K, reserved 1179648K
  class space    used 14851K, committed 15360K, reserved 1048576K
}
Event: 1558.014 GC heap after
{Heap after GC invocations=43 (full 0):
 garbage-first heap   total 262144K, used 147165K [0x0000000080000000, 0x0000000100000000)
  region size 1024K, 10 young (10240K), 10 survivors (10240K)
 Metaspace       used 105406K, committed 106368K, reserved 1179648K
  class space    used 14851K, committed 15360K, reserved 1048576K
}
Event: 1558.173 GC heap before
{Heap before GC invocations=43 (full 0):
 garbage-first heap   total 262144K, used 157405K [0x0000000080000000, 0x0000000100000000)
  region size 1024K, 12 young (12288K), 10 survivors (10240K)
 Metaspace       used 105574K, committed 106496K, reserved 1179648K
  class space    used 14878K, committed 15360K, reserved 1048576K
}
Event: 1558.212 GC heap after
{Heap after GC invocations=44 (full 0):
 garbage-first heap   total 262144K, used 121827K [0x0000000080000000, 0x0000000100000000)
  region size 1024K, 2 young (2048K), 2 survivors (2048K)
 Metaspace       used 105574K, committed 106496K, reserved 1179648K
  class space    used 14878K, committed 15360K, reserved 1048576K
}
Event: 3584.280 GC heap before
{Heap before GC invocations=44 (full 0):
 garbage-first heap   total 262144K, used 238563K [0x0000000080000000, 0x0000000100000000)
  region size 1024K, 91 young (93184K), 2 survivors (2048K)
 Metaspace       used 109947K, committed 110912K, reserved 1179648K
  class space    used 15449K, committed 15936K, reserved 1048576K
}
Event: 3584.395 GC heap after
{Heap after GC invocations=45 (full 0):
 garbage-first heap   total 262144K, used 149437K [0x0000000080000000, 0x0000000100000000)
  region size 1024K, 8 young (8192K), 8 survivors (8192K)
 Metaspace       used 109947K, committed 110912K, reserved 1179648K
  class space    used 15449K, committed 15936K, reserved 1048576K
}
Event: 3588.843 GC heap before
{Heap before GC invocations=46 (full 0):
 garbage-first heap   total 265216K, used 216387K [0x0000000080000000, 0x0000000100000000)
  region size 1024K, 73 young (74752K), 8 survivors (8192K)
 Metaspace       used 113185K, committed 114112K, reserved 1179648K
  class space    used 15987K, committed 16448K, reserved 1048576K
}
Event: 3588.927 GC heap after
{Heap after GC invocations=47 (full 0):
 garbage-first heap   total 265216K, used 157122K [0x0000000080000000, 0x0000000100000000)
  region size 1024K, 7 young (7168K), 7 survivors (7168K)
 Metaspace       used 113185K, committed 114112K, reserved 1179648K
  class space    used 15987K, committed 16448K, reserved 1048576K
}
Event: 3589.110 GC heap before
{Heap before GC invocations=47 (full 0):
 garbage-first heap   total 265216K, used 161218K [0x0000000080000000, 0x0000000100000000)
  region size 1024K, 12 young (12288K), 7 survivors (7168K)
 Metaspace       used 113731K, committed 114624K, reserved 1179648K
  class space    used 16067K, committed 16512K, reserved 1048576K
}
Event: 3589.195 GC heap after
{Heap after GC invocations=48 (full 0):
 garbage-first heap   total 265216K, used 142954K [0x0000000080000000, 0x0000000100000000)
  region size 1024K, 1 young (1024K), 1 survivors (1024K)
 Metaspace       used 113731K, committed 114624K, reserved 1179648K
  class space    used 16067K, committed 16512K, reserved 1048576K
}
Event: 3592.573 GC heap before
{Heap before GC invocations=48 (full 0):
 garbage-first heap   total 265216K, used 217706K [0x0000000080000000, 0x0000000100000000)
  region size 1024K, 75 young (76800K), 1 survivors (1024K)
 Metaspace       used 121476K, committed 122496K, reserved 1179648K
  class space    used 17104K, committed 17600K, reserved 1048576K
}
Event: 3592.589 GC heap after
{Heap after GC invocations=49 (full 0):
 garbage-first heap   total 318464K, used 148296K [0x0000000080000000, 0x0000000100000000)
  region size 1024K, 7 young (7168K), 7 survivors (7168K)
 Metaspace       used 121476K, committed 122496K, reserved 1179648K
  class space    used 17104K, committed 17600K, reserved 1048576K
}
Event: 3597.390 GC heap before
{Heap before GC invocations=49 (full 0):
 garbage-first heap   total 318464K, used 259912K [0x0000000080000000, 0x0000000100000000)
  region size 1024K, 116 young (118784K), 7 survivors (7168K)
 Metaspace       used 129109K, committed 130176K, reserved 1179648K
  class space    used 18200K, committed 18752K, reserved 1048576K
}
Event: 3597.481 GC heap after
{Heap after GC invocations=50 (full 0):
 garbage-first heap   total 318464K, used 156061K [0x0000000080000000, 0x0000000100000000)
  region size 1024K, 14 young (14336K), 14 survivors (14336K)
 Metaspace       used 129109K, committed 130176K, reserved 1179648K
  class space    used 18200K, committed 18752K, reserved 1048576K
}
Event: 3606.158 GC heap before
{Heap before GC invocations=50 (full 0):
 garbage-first heap   total 318464K, used 260509K [0x0000000080000000, 0x0000000100000000)
  region size 1024K, 116 young (118784K), 14 survivors (14336K)
 Metaspace       used 135633K, committed 136640K, reserved 1179648K
  class space    used 19242K, committed 19776K, reserved 1048576K
}
Event: 3606.345 GC heap after
{Heap after GC invocations=51 (full 0):
 garbage-first heap   total 318464K, used 161235K [0x0000000080000000, 0x0000000100000000)
  region size 1024K, 13 young (13312K), 13 survivors (13312K)
 Metaspace       used 135633K, committed 136640K, reserved 1179648K
  class space    used 19242K, committed 19776K, reserved 1048576K
}

